build/app/intermediates/manifest_merge_blame_file/debug/manifest-merger-blame-debug-report.txt
1<?xml version="1.0" encoding="utf-8"?>
2<manifest xmlns:android="http://schemas.android.com/apk/res/android"
3    package="com.example.qrcodeapp_xavier"
4    android:versionCode="1"
5    android:versionName="1.0.0" >
6
7    <uses-sdk
8        android:minSdkVersion="16"
9        android:targetSdkVersion="30" />
10    <!--
11         Flutter needs it to communicate with the running application
12         to allow setting breakpoints, to provide hot reload, etc.
13    -->
14    <uses-permission android:name="android.permission.INTERNET" />
14-->src\debug\AndroidManifest.xml:6:5-66
14-->src\debug\AndroidManifest.xml:6:22-64
15
16    <queries>
16-->src\main\AndroidManifest.xml:3:5-19:15
17
18        <!-- If your app opens https URLs -->
19        <intent>
19-->src\main\AndroidManifest.xml:5:7-8:16
20            <action android:name="android.intent.action.VIEW" />
20-->src\main\AndroidManifest.xml:6:9-61
20-->src\main\AndroidManifest.xml:6:17-58
21
22            <data android:scheme="https" />
22-->src\main\AndroidManifest.xml:7:9-40
22-->src\main\AndroidManifest.xml:7:15-37
23        </intent>
24        <!-- If your app makes calls -->
25        <intent>
25-->src\main\AndroidManifest.xml:10:7-13:16
26            <action android:name="android.intent.action.DIAL" />
26-->src\main\AndroidManifest.xml:11:9-61
26-->src\main\AndroidManifest.xml:11:17-58
27
28            <data android:scheme="tel" />
28-->src\main\AndroidManifest.xml:7:9-40
28-->src\main\AndroidManifest.xml:7:15-37
29        </intent>
30        <!-- If your app emails -->
31        <intent>
31-->src\main\AndroidManifest.xml:15:7-18:16
32            <action android:name="android.intent.action.SEND" />
32-->src\main\AndroidManifest.xml:16:9-61
32-->src\main\AndroidManifest.xml:16:17-58
33
34            <data android:mimeType="*/*" />
34-->src\main\AndroidManifest.xml:7:9-40
35        </intent>
36    </queries>
37
38    <uses-permission android:name="android.permission.CAMERA" />
38-->[:flutter_barcode_scanner] AndroidManifest.xml:9:5-65
38-->[:flutter_barcode_scanner] AndroidManifest.xml:9:22-62
39
40    <uses-feature android:name="android.hardware.camera" />
40-->[:flutter_barcode_scanner] AndroidManifest.xml:11:5-60
40-->[:flutter_barcode_scanner] AndroidManifest.xml:11:19-57
41
42    <uses-permission android:name="android.permission.FLASHLIGHT" />
42-->[:flutter_barcode_scanner] AndroidManifest.xml:13:5-69
42-->[:flutter_barcode_scanner] AndroidManifest.xml:13:22-66
43
44    <application
44-->src\main\AndroidManifest.xml:20:4-57:19
45        android:appComponentFactory="androidx.core.app.CoreComponentFactory"
45-->[androidx.core:core:1.3.1] AndroidManifest.xml:24:18-86
46        android:debuggable="true"
47        android:icon="@mipmap/ic_launcher"
47-->src\main\AndroidManifest.xml:22:9-43
48        android:label="qrcodeapp_xavier"
48-->src\main\AndroidManifest.xml:21:9-41
49        android:largeHeap="true"
49-->[:flutter_barcode_scanner] AndroidManifest.xml:16:9-33
50        android:theme="@style/Theme.AppCompat.NoActionBar" >
50-->[:flutter_barcode_scanner] AndroidManifest.xml:17:9-59
51        <activity
51-->src\main\AndroidManifest.xml:23:9-51:20
52            android:name="com.example.qrcodeapp_xavier.MainActivity"
52-->src\main\AndroidManifest.xml:24:13-41
53            android:configChanges="orientation|keyboardHidden|keyboard|screenSize|smallestScreenSize|locale|layoutDirection|fontScale|screenLayout|density|uiMode"
53-->src\main\AndroidManifest.xml:27:13-163
54            android:hardwareAccelerated="true"
54-->src\main\AndroidManifest.xml:28:13-47
55            android:launchMode="singleTop"
55-->src\main\AndroidManifest.xml:25:13-43
56            android:theme="@style/LaunchTheme"
56-->src\main\AndroidManifest.xml:26:13-47
57            android:windowSoftInputMode="adjustResize" >
57-->src\main\AndroidManifest.xml:29:13-55
58
59            <!--
60                 Specifies an Android theme to apply to this Activity as soon as
61                 the Android process has started. This theme is visible to the user
62                 while the Flutter UI initializes. After that, this theme continues
63                 to determine the Window background behind the Flutter UI.
64            -->
65            <meta-data
65-->src\main\AndroidManifest.xml:34:13-37:17
66                android:name="io.flutter.embedding.android.NormalTheme"
66-->src\main\AndroidManifest.xml:35:15-70
67                android:resource="@style/NormalTheme" />
67-->src\main\AndroidManifest.xml:36:15-52
68            <!--
69                 Displays an Android View that continues showing the launch screen
70                 Drawable until Flutter paints its first frame, then this splash
71                 screen fades out. A splash screen is useful to avoid any visual
72                 gap between the end of Android's launch screen and the painting of
73                 Flutter's first frame.
74            -->
75            <meta-data
75-->src\main\AndroidManifest.xml:43:13-46:17
76                android:name="io.flutter.embedding.android.SplashScreenDrawable"
76-->src\main\AndroidManifest.xml:44:15-79
77                android:resource="@drawable/launch_background" />
77-->src\main\AndroidManifest.xml:45:15-61
78
79            <intent-filter>
79-->src\main\AndroidManifest.xml:47:13-50:29
80                <action android:name="android.intent.action.MAIN" />
80-->src\main\AndroidManifest.xml:48:17-68
80-->src\main\AndroidManifest.xml:48:25-66
81
82                <category android:name="android.intent.category.LAUNCHER" />
82-->src\main\AndroidManifest.xml:49:17-76
82-->src\main\AndroidManifest.xml:49:27-74
83            </intent-filter>
84        </activity>
85        <!--
86             Don't delete the meta-data below.
87             This is used by the Flutter tool to generate GeneratedPluginRegistrant.java
88        -->
89        <meta-data
89-->src\main\AndroidManifest.xml:54:9-56:33
90            android:name="flutterEmbedding"
90-->src\main\AndroidManifest.xml:55:13-44
91            android:value="2" />
91-->src\main\AndroidManifest.xml:56:13-30
92
93        <activity android:name="com.amolg.flutterbarcodescanner.BarcodeCaptureActivity" />
93-->[:flutter_barcode_scanner] AndroidManifest.xml:18:9-91
93-->[:flutter_barcode_scanner] AndroidManifest.xml:18:19-88
94        <activity
94-->[:url_launcher] AndroidManifest.xml:8:9-11:74
95            android:name="io.flutter.plugins.urllauncher.WebViewActivity"
95-->[:url_launcher] AndroidManifest.xml:9:13-74
96            android:exported="false"
96-->[:url_launcher] AndroidManifest.xml:10:13-37
97            android:theme="@android:style/Theme.NoTitleBar.Fullscreen" />
97-->[:url_launcher] AndroidManifest.xml:11:13-71
98        <activity
98-->[com.google.android.gms:play-services-base:17.4.0] AndroidManifest.xml:23:9-26:75
99            android:name="com.google.android.gms.common.api.GoogleApiActivity"
99-->[com.google.android.gms:play-services-base:17.4.0] AndroidManifest.xml:24:13-79
100            android:exported="false"
100-->[com.google.android.gms:play-services-base:17.4.0] AndroidManifest.xml:25:13-37
101            android:theme="@android:style/Theme.Translucent.NoTitleBar" />
101-->[com.google.android.gms:play-services-base:17.4.0] AndroidManifest.xml:26:13-72
102
103        <meta-data
103-->[com.google.android.gms:play-services-basement:17.4.0] AndroidManifest.xml:23:9-25:69
104            android:name="com.google.android.gms.version"
104-->[com.google.android.gms:play-services-basement:17.4.0] AndroidManifest.xml:24:13-58
105            android:value="@integer/google_play_services_version" />
105-->[com.google.android.gms:play-services-basement:17.4.0] AndroidManifest.xml:25:13-66
106    </application>
107
108</manifest>